** Message: 18:08:42.102: x-terminal-emulator has very limited support, consider choosing another terminal

** (pcmanfm:176104): WARNING **: 18:08:42.106: The directory '~/Templates' doesn't exist, ignoring it

(pcmanfm:176104): GVFS-RemoteVolumeMonitor-WARNING **: 18:08:42.325: remote volume monitor with dbus name org.gtk.vfs.UDisks2VolumeMonitor is not supported

(pcmanfm:176104): GLib-GIO-CRITICAL **: 18:08:42.639: GFileInfo created without standard::edit-name

(pcmanfm:176104): GLib-GIO-CRITICAL **: 18:08:42.639: file ../../../gio/gfileinfo.c: line 1742 (g_file_info_get_edit_name): should not be reached

(pcmanfm:176104): GLib-GIO-CRITICAL **: 18:08:42.639: GFileInfo created without standard::size

(pcmanfm:176104): GLib-GIO-CRITICAL **: 18:08:42.639: file ../../../gio/gfileinfo.c: line 1845 (g_file_info_get_size): should not be reached

(pcmanfm:176104): GLib-GIO-CRITICAL **: 18:08:42.639: GFileInfo created without standard::is-symlink

(pcmanfm:176104): GLib-GIO-CRITICAL **: 18:08:42.639: file ../../../gio/gfileinfo.c: line 1676 (g_file_info_get_is_symlink): should not be reached

(pcmanfm:176104): GLib-GIO-CRITICAL **: 18:08:42.639: GFileInfo created without standard::is-hidden

(pcmanfm:176104): GLib-GIO-CRITICAL **: 18:08:42.639: file ../../../gio/gfileinfo.c: line 1632 (g_file_info_get_is_hidden): should not be reached

(pcmanfm:176104): GLib-GIO-CRITICAL **: 18:08:42.639: GFileInfo created without standard::is-backup

(pcmanfm:176104): GLib-GIO-CRITICAL **: 18:08:42.639: file ../../../gio/gfileinfo.c: line 1654 (g_file_info_get_is_backup): should not be reached

(pcmanfm:176104): GLib-GIO-CRITICAL **: 18:09:22.451: GFileInfo created without standard::edit-name

(pcmanfm:176104): GLib-GIO-CRITICAL **: 18:09:22.451: file ../../../gio/gfileinfo.c: line 1742 (g_file_info_get_edit_name): should not be reached

(pcmanfm:176104): GLib-GIO-CRITICAL **: 18:09:22.451: GFileInfo created without standard::size

(pcmanfm:176104): GLib-GIO-CRITICAL **: 18:09:22.451: file ../../../gio/gfileinfo.c: line 1845 (g_file_info_get_size): should not be reached

(pcmanfm:176104): GLib-GIO-CRITICAL **: 18:09:22.451: GFileInfo created without standard::content-type

(pcmanfm:176104): GLib-GIO-CRITICAL **: 18:09:22.452: file ../../../gio/gfileinfo.c: line 1821 (g_file_info_get_content_type): should not be reached

(pcmanfm:176104): GLib-GIO-CRITICAL **: 18:09:22.452: GFileInfo created without standard::is-symlink

(pcmanfm:176104): GLib-GIO-CRITICAL **: 18:09:22.452: file ../../../gio/gfileinfo.c: line 1676 (g_file_info_get_is_symlink): should not be reached

(pcmanfm:176104): GLib-GIO-CRITICAL **: 18:09:22.452: GFileInfo created without standard::is-backup

(pcmanfm:176104): GLib-GIO-CRITICAL **: 18:09:22.452: file ../../../gio/gfileinfo.c: line 1654 (g_file_info_get_is_backup): should not be reached

(pcmanfm:176104): Gtk-WARNING **: 18:09:22.459: Theme parsing error: <data>:2:27: The style property GtkWidget:focus-padding is deprecated and shouldn't be used anymore. It will be removed in a future version

(pcmanfm:176104): Gtk-WARNING **: 18:09:22.460: Theme parsing error: <data>:3:30: The style property GtkWidget:focus-line-width is deprecated and shouldn't be used anymore. It will be removed in a future version

(pcmanfm:176104): GLib-GIO-CRITICAL **: 18:09:22.461: GFileInfo created without standard::edit-name

(pcmanfm:176104): GLib-GIO-CRITICAL **: 18:09:22.461: file ../../../gio/gfileinfo.c: line 1742 (g_file_info_get_edit_name): should not be reached

(pcmanfm:176104): GLib-GIO-CRITICAL **: 18:09:22.461: GFileInfo created without standard::size

(pcmanfm:176104): GLib-GIO-CRITICAL **: 18:09:22.461: file ../../../gio/gfileinfo.c: line 1845 (g_file_info_get_size): should not be reached

(pcmanfm:176104): GLib-GIO-CRITICAL **: 18:09:22.461: GFileInfo created without standard::is-symlink

(pcmanfm:176104): GLib-GIO-CRITICAL **: 18:09:22.461: file ../../../gio/gfileinfo.c: line 1676 (g_file_info_get_is_symlink): should not be reached

(pcmanfm:176104): GLib-GIO-CRITICAL **: 18:09:22.462: GFileInfo created without standard::is-hidden

(pcmanfm:176104): GLib-GIO-CRITICAL **: 18:09:22.462: file ../../../gio/gfileinfo.c: line 1632 (g_file_info_get_is_hidden): should not be reached

(pcmanfm:176104): GLib-GIO-CRITICAL **: 18:09:22.463: GFileInfo created without standard::is-backup

(pcmanfm:176104): GLib-GIO-CRITICAL **: 18:09:22.463: file ../../../gio/gfileinfo.c: line 1654 (g_file_info_get_is_backup): should not be reached

(pcmanfm:176104): Gtk-WARNING **: 18:09:26.603: gtk_menu_detach(): menu is not attached
** Message: 18:10:12.757: x-terminal-emulator has very limited support, consider choosing another terminal

** (pcmanfm:177635): WARNING **: 18:10:12.762: The directory '~/Templates' doesn't exist, ignoring it

(pcmanfm:177635): GVFS-RemoteVolumeMonitor-WARNING **: 18:10:12.971: remote volume monitor with dbus name org.gtk.vfs.UDisks2VolumeMonitor is not supported

(pcmanfm:177635): GLib-GIO-CRITICAL **: 18:10:13.111: GFileInfo created without standard::edit-name

(pcmanfm:177635): GLib-GIO-CRITICAL **: 18:10:13.111: file ../../../gio/gfileinfo.c: line 1742 (g_file_info_get_edit_name): should not be reached

(pcmanfm:177635): GLib-GIO-CRITICAL **: 18:10:13.111: GFileInfo created without standard::size

(pcmanfm:177635): GLib-GIO-CRITICAL **: 18:10:13.111: file ../../../gio/gfileinfo.c: line 1845 (g_file_info_get_size): should not be reached

(pcmanfm:177635): GLib-GIO-CRITICAL **: 18:10:13.111: GFileInfo created without standard::is-symlink

(pcmanfm:177635): GLib-GIO-CRITICAL **: 18:10:13.111: file ../../../gio/gfileinfo.c: line 1676 (g_file_info_get_is_symlink): should not be reached

(pcmanfm:177635): GLib-GIO-CRITICAL **: 18:10:13.111: GFileInfo created without standard::is-hidden

(pcmanfm:177635): GLib-GIO-CRITICAL **: 18:10:13.112: file ../../../gio/gfileinfo.c: line 1632 (g_file_info_get_is_hidden): should not be reached

(pcmanfm:177635): GLib-GIO-CRITICAL **: 18:10:13.112: GFileInfo created without standard::is-backup

(pcmanfm:177635): GLib-GIO-CRITICAL **: 18:10:13.112: file ../../../gio/gfileinfo.c: line 1654 (g_file_info_get_is_backup): should not be reached
** Message: 18:12:10.045: x-terminal-emulator has very limited support, consider choosing another terminal

** (pcmanfm:179328): WARNING **: 18:12:10.045: The directory '~/Templates' doesn't exist, ignoring it

(pcmanfm:179328): GVFS-RemoteVolumeMonitor-WARNING **: 18:12:10.266: remote volume monitor with dbus name org.gtk.vfs.UDisks2VolumeMonitor is not supported

(pcmanfm:179328): GLib-GIO-CRITICAL **: 18:12:10.397: GFileInfo created without standard::edit-name

(pcmanfm:179328): GLib-GIO-CRITICAL **: 18:12:10.397: file ../../../gio/gfileinfo.c: line 1742 (g_file_info_get_edit_name): should not be reached

(pcmanfm:179328): GLib-GIO-CRITICAL **: 18:12:10.397: GFileInfo created without standard::size

(pcmanfm:179328): GLib-GIO-CRITICAL **: 18:12:10.397: file ../../../gio/gfileinfo.c: line 1845 (g_file_info_get_size): should not be reached

(pcmanfm:179328): GLib-GIO-CRITICAL **: 18:12:10.397: GFileInfo created without standard::is-symlink

(pcmanfm:179328): GLib-GIO-CRITICAL **: 18:12:10.397: file ../../../gio/gfileinfo.c: line 1676 (g_file_info_get_is_symlink): should not be reached

(pcmanfm:179328): GLib-GIO-CRITICAL **: 18:12:10.397: GFileInfo created without standard::is-hidden

(pcmanfm:179328): GLib-GIO-CRITICAL **: 18:12:10.397: file ../../../gio/gfileinfo.c: line 1632 (g_file_info_get_is_hidden): should not be reached

(pcmanfm:179328): GLib-GIO-CRITICAL **: 18:12:10.397: GFileInfo created without standard::is-backup

(pcmanfm:179328): GLib-GIO-CRITICAL **: 18:12:10.397: file ../../../gio/gfileinfo.c: line 1654 (g_file_info_get_is_backup): should not be reached

(pcmanfm:179328): GLib-GIO-CRITICAL **: 18:12:59.176: GFileInfo created without standard::edit-name

(pcmanfm:179328): GLib-GIO-CRITICAL **: 18:12:59.176: file ../../../gio/gfileinfo.c: line 1742 (g_file_info_get_edit_name): should not be reached

(pcmanfm:179328): GLib-GIO-CRITICAL **: 18:12:59.177: GFileInfo created without standard::size

(pcmanfm:179328): GLib-GIO-CRITICAL **: 18:12:59.178: file ../../../gio/gfileinfo.c: line 1845 (g_file_info_get_size): should not be reached

(pcmanfm:179328): GLib-GIO-CRITICAL **: 18:12:59.178: GFileInfo created without standard::content-type

(pcmanfm:179328): GLib-GIO-CRITICAL **: 18:12:59.178: file ../../../gio/gfileinfo.c: line 1821 (g_file_info_get_content_type): should not be reached

(pcmanfm:179328): GLib-GIO-CRITICAL **: 18:12:59.178: GFileInfo created without standard::is-symlink

(pcmanfm:179328): GLib-GIO-CRITICAL **: 18:12:59.178: file ../../../gio/gfileinfo.c: line 1676 (g_file_info_get_is_symlink): should not be reached

(pcmanfm:179328): GLib-GIO-CRITICAL **: 18:12:59.179: GFileInfo created without standard::is-backup

(pcmanfm:179328): Gtk-WARNING **: 18:12:59.178: Theme parsing error: <data>:2:27: The style property GtkWidget:focus-padding is deprecated and shouldn't be used anymore. It will be removed in a future version

(pcmanfm:179328): Gtk-WARNING **: 18:12:59.180: Theme parsing error: <data>:3:30: The style property GtkWidget:focus-line-width is deprecated and shouldn't be used anymore. It will be removed in a future version

(pcmanfm:179328): GLib-GIO-CRITICAL **: 18:12:59.180: file ../../../gio/gfileinfo.c: line 1654 (g_file_info_get_is_backup): should not be reached

(pcmanfm:179328): GLib-GIO-CRITICAL **: 18:12:59.185: GFileInfo created without standard::edit-name

(pcmanfm:179328): GLib-GIO-CRITICAL **: 18:12:59.185: file ../../../gio/gfileinfo.c: line 1742 (g_file_info_get_edit_name): should not be reached

(pcmanfm:179328): GLib-GIO-CRITICAL **: 18:12:59.185: GFileInfo created without standard::size

(pcmanfm:179328): GLib-GIO-CRITICAL **: 18:12:59.185: file ../../../gio/gfileinfo.c: line 1845 (g_file_info_get_size): should not be reached

(pcmanfm:179328): GLib-GIO-CRITICAL **: 18:12:59.186: GFileInfo created without standard::is-symlink

(pcmanfm:179328): GLib-GIO-CRITICAL **: 18:12:59.186: file ../../../gio/gfileinfo.c: line 1676 (g_file_info_get_is_symlink): should not be reached

(pcmanfm:179328): GLib-GIO-CRITICAL **: 18:12:59.186: GFileInfo created without standard::is-hidden

(pcmanfm:179328): GLib-GIO-CRITICAL **: 18:12:59.186: file ../../../gio/gfileinfo.c: line 1632 (g_file_info_get_is_hidden): should not be reached

(pcmanfm:179328): GLib-GIO-CRITICAL **: 18:12:59.187: GFileInfo created without standard::is-backup

(pcmanfm:179328): GLib-GIO-CRITICAL **: 18:12:59.187: file ../../../gio/gfileinfo.c: line 1654 (g_file_info_get_is_backup): should not be reached

(pcmanfm:179328): Gtk-WARNING **: 18:13:17.264: gtk_menu_detach(): menu is not attached
/usr/bin/google-chrome-stable 'file:///home/codespace/Desktop/xp-wallpaper.jpg' 
[182206:182234:0309/181433.492874:ERROR:dbus/bus.cc:405] Failed to connect to the bus: Failed to connect to socket /run/dbus/system_bus_socket: No such file or directory
[182206:182234:0309/181433.785212:ERROR:dbus/bus.cc:405] Failed to connect to the bus: Failed to connect to socket /run/dbus/system_bus_socket: No such file or directory
[182206:182234:0309/181433.789456:ERROR:dbus/bus.cc:405] Failed to connect to the bus: Failed to connect to socket /run/dbus/system_bus_socket: No such file or directory
/usr/bin/google-chrome-stable 'file:///home/codespace/Desktop/xp-wallpaper.jpg' 
Opening in existing browser session.
[182206:182234:0309/181437.354293:ERROR:dbus/bus.cc:405] Failed to connect to the bus: Failed to connect to socket /run/dbus/system_bus_socket: No such file or directory
[182206:182234:0309/181437.354385:ERROR:dbus/bus.cc:405] Failed to connect to the bus: Failed to connect to socket /run/dbus/system_bus_socket: No such file or directory
[182206:182206:0309/181437.577448:ERROR:dbus/object_proxy.cc:572] Failed to call method: org.freedesktop.DBus.Properties.GetAll: object_path= /org/freedesktop/UPower/devices/DisplayDevice: unknown error type: 
[182345:7:0309/181437.579967:ERROR:gpu/ipc/client/command_buffer_proxy_impl.cc:287] ContextResult::kTransientFailure: Failed to send GpuControl.CreateCommandBuffer.
[182350:7:0309/181437.587915:ERROR:gpu/ipc/client/command_buffer_proxy_impl.cc:287] ContextResult::kTransientFailure: Failed to send GpuControl.CreateCommandBuffer.
[182327:7:0309/181437.591941:ERROR:gpu/ipc/client/command_buffer_proxy_impl.cc:287] ContextResult::kTransientFailure: Failed to send GpuControl.CreateCommandBuffer.
[182327:7:0309/181437.597274:ERROR:gpu/ipc/client/command_buffer_proxy_impl.cc:287] ContextResult::kTransientFailure: Failed to send GpuControl.CreateCommandBuffer.
Created TensorFlow Lite XNNPACK delegate for CPU.
[0309/181439.267071:ERROR:third_party/crashpad/crashpad/util/file/file_io_posix.cc:145] open /sys/devices/system/cpu/cpu0/cpufreq/scaling_cur_freq: No such file or directory (2)
[0309/181439.269822:ERROR:third_party/crashpad/crashpad/util/file/file_io_posix.cc:145] open /sys/devices/system/cpu/cpu0/cpufreq/scaling_max_freq: No such file or directory (2)
[0309/181439.284137:ERROR:third_party/crashpad/crashpad/util/file/directory_reader_posix.cc:43] opendir /home/codespace/.config/google-chrome/Crash Reports/attachments/b2d90ccd-dea5-4737-b9ca-649e9ac64299: No such file or directory (2)
[0309/181439.718991:ERROR:third_party/crashpad/crashpad/snapshot/elf/elf_dynamic_array_reader.h:64] tag not found
[0309/181439.735471:ERROR:third_party/crashpad/crashpad/util/file/file_io_posix.cc:145] open /sys/devices/system/cpu/cpu0/cpufreq/scaling_cur_freq: No such file or directory (2)
[0309/181439.735518:ERROR:third_party/crashpad/crashpad/util/file/file_io_posix.cc:145] open /sys/devices/system/cpu/cpu0/cpufreq/scaling_max_freq: No such file or directory (2)
/usr/bin/google-chrome-stable 'file:///home/codespace/Desktop/xp-wallpaper.jpg' 
[182482:182506:0309/181442.953586:ERROR:dbus/bus.cc:405] Failed to connect to the bus: Failed to connect to socket /run/dbus/system_bus_socket: No such file or directory
[182482:182506:0309/181443.051155:ERROR:dbus/bus.cc:405] Failed to connect to the bus: Failed to connect to socket /run/dbus/system_bus_socket: No such file or directory
[182482:182506:0309/181443.051209:ERROR:dbus/bus.cc:405] Failed to connect to the bus: Failed to connect to socket /run/dbus/system_bus_socket: No such file or directory
[182482:182506:0309/181443.735516:ERROR:dbus/bus.cc:405] Failed to connect to the bus: Failed to connect to socket /run/dbus/system_bus_socket: No such file or directory
[182482:182506:0309/181443.735571:ERROR:dbus/bus.cc:405] Failed to connect to the bus: Failed to connect to socket /run/dbus/system_bus_socket: No such file or directory
[182482:182482:0309/181443.772950:ERROR:dbus/object_proxy.cc:572] Failed to call method: org.freedesktop.DBus.Properties.GetAll: object_path= /org/freedesktop/UPower/devices/DisplayDevice: unknown error type: 
Created TensorFlow Lite XNNPACK delegate for CPU.
[182482:182507:0309/181446.435752:ERROR:google_apis/gcm/engine/registration_request.cc:290] Registration response error message: QUOTA_EXCEEDED
Fontconfig error: Cannot load default config file: File not found
[0309/182610.865376:ERROR:third_party/crashpad/crashpad/util/file/file_io_posix.cc:145] open /sys/devices/system/cpu/cpu0/cpufreq/scaling_cur_freq: No such file or directory (2)
[0309/182610.865463:ERROR:third_party/crashpad/crashpad/util/file/file_io_posix.cc:145] open /sys/devices/system/cpu/cpu0/cpufreq/scaling_max_freq: No such file or directory (2)
[182482:182506:0309/183006.642773:FATAL:dbus/bus.cc:1245] D-Bus connection was disconnected. Aborting.
[182524:182632:0309/183006.638043:ERROR:ui/gfx/x/connection.cc:67] X connection error received.
[182524:182524:0309/183006.638270:ERROR:ui/gfx/x/connection.cc:67] X connection error received.
[0309/183007.386649:ERROR:third_party/crashpad/crashpad/snapshot/elf/elf_dynamic_array_reader.h:64] tag not found
[0309/183007.661126:ERROR:third_party/crashpad/crashpad/util/file/file_io_posix.cc:145] open /sys/devices/system/cpu/cpu0/cpufreq/scaling_cur_freq: No such file or directory (2)
[0309/183007.661161:ERROR:third_party/crashpad/crashpad/util/file/file_io_posix.cc:145] open /sys/devices/system/cpu/cpu0/cpufreq/scaling_max_freq: No such file or directory (2)
** Message: 18:30:12.177: x-terminal-emulator has very limited support, consider choosing another terminal

** (pcmanfm:191904): WARNING **: 18:30:12.178: The directory '~/Templates' doesn't exist, ignoring it

(pcmanfm:191904): GVFS-RemoteVolumeMonitor-WARNING **: 18:30:12.388: remote volume monitor with dbus name org.gtk.vfs.UDisks2VolumeMonitor is not supported

(pcmanfm:191904): GLib-GIO-CRITICAL **: 18:30:12.551: GFileInfo created without standard::edit-name

(pcmanfm:191904): GLib-GIO-CRITICAL **: 18:30:12.551: file ../../../gio/gfileinfo.c: line 1742 (g_file_info_get_edit_name): should not be reached

(pcmanfm:191904): GLib-GIO-CRITICAL **: 18:30:12.552: GFileInfo created without standard::size

(pcmanfm:191904): GLib-GIO-CRITICAL **: 18:30:12.552: file ../../../gio/gfileinfo.c: line 1845 (g_file_info_get_size): should not be reached

(pcmanfm:191904): GLib-GIO-CRITICAL **: 18:30:12.552: GFileInfo created without standard::is-symlink

(pcmanfm:191904): GLib-GIO-CRITICAL **: 18:30:12.552: file ../../../gio/gfileinfo.c: line 1676 (g_file_info_get_is_symlink): should not be reached

(pcmanfm:191904): GLib-GIO-CRITICAL **: 18:30:12.552: GFileInfo created without standard::is-hidden

(pcmanfm:191904): GLib-GIO-CRITICAL **: 18:30:12.552: file ../../../gio/gfileinfo.c: line 1632 (g_file_info_get_is_hidden): should not be reached

(pcmanfm:191904): GLib-GIO-CRITICAL **: 18:30:12.552: GFileInfo created without standard::is-backup

(pcmanfm:191904): GLib-GIO-CRITICAL **: 18:30:12.552: file ../../../gio/gfileinfo.c: line 1654 (g_file_info_get_is_backup): should not be reached
** Message: 18:34:46.850: x-terminal-emulator has very limited support, consider choosing another terminal

** (pcmanfm:2801): WARNING **: 18:34:46.853: The directory '~/Templates' doesn't exist, ignoring it

(pcmanfm:2801): GVFS-RemoteVolumeMonitor-WARNING **: 18:34:47.037: remote volume monitor with dbus name org.gtk.vfs.UDisks2VolumeMonitor is not supported

(pcmanfm:2801): GLib-GIO-CRITICAL **: 18:34:47.175: GFileInfo created without standard::edit-name

(pcmanfm:2801): GLib-GIO-CRITICAL **: 18:34:47.175: file ../../../gio/gfileinfo.c: line 1742 (g_file_info_get_edit_name): should not be reached

(pcmanfm:2801): GLib-GIO-CRITICAL **: 18:34:47.175: GFileInfo created without standard::size

(pcmanfm:2801): GLib-GIO-CRITICAL **: 18:34:47.176: file ../../../gio/gfileinfo.c: line 1845 (g_file_info_get_size): should not be reached

(pcmanfm:2801): GLib-GIO-CRITICAL **: 18:34:47.176: GFileInfo created without standard::is-symlink

(pcmanfm:2801): GLib-GIO-CRITICAL **: 18:34:47.176: file ../../../gio/gfileinfo.c: line 1676 (g_file_info_get_is_symlink): should not be reached

(pcmanfm:2801): GLib-GIO-CRITICAL **: 18:34:47.176: GFileInfo created without standard::is-hidden

(pcmanfm:2801): GLib-GIO-CRITICAL **: 18:34:47.176: file ../../../gio/gfileinfo.c: line 1632 (g_file_info_get_is_hidden): should not be reached

(pcmanfm:2801): GLib-GIO-CRITICAL **: 18:34:47.176: GFileInfo created without standard::is-backup

(pcmanfm:2801): GLib-GIO-CRITICAL **: 18:34:47.176: file ../../../gio/gfileinfo.c: line 1654 (g_file_info_get_is_backup): should not be reached
** Message: 18:40:30.466: x-terminal-emulator has very limited support, consider choosing another terminal

** (pcmanfm:6406): WARNING **: 18:40:30.466: The directory '~/Templates' doesn't exist, ignoring it

(pcmanfm:6406): GVFS-RemoteVolumeMonitor-WARNING **: 18:40:30.558: remote volume monitor with dbus name org.gtk.vfs.UDisks2VolumeMonitor is not supported

(pcmanfm:6406): GLib-GIO-CRITICAL **: 18:40:30.642: GFileInfo created without standard::edit-name

(pcmanfm:6406): GLib-GIO-CRITICAL **: 18:40:30.642: file ../../../gio/gfileinfo.c: line 1742 (g_file_info_get_edit_name): should not be reached

(pcmanfm:6406): GLib-GIO-CRITICAL **: 18:40:30.643: GFileInfo created without standard::size

(pcmanfm:6406): GLib-GIO-CRITICAL **: 18:40:30.643: file ../../../gio/gfileinfo.c: line 1845 (g_file_info_get_size): should not be reached

(pcmanfm:6406): GLib-GIO-CRITICAL **: 18:40:30.643: GFileInfo created without standard::is-symlink

(pcmanfm:6406): GLib-GIO-CRITICAL **: 18:40:30.644: file ../../../gio/gfileinfo.c: line 1676 (g_file_info_get_is_symlink): should not be reached

(pcmanfm:6406): GLib-GIO-CRITICAL **: 18:40:30.644: GFileInfo created without standard::is-hidden

(pcmanfm:6406): GLib-GIO-CRITICAL **: 18:40:30.644: file ../../../gio/gfileinfo.c: line 1632 (g_file_info_get_is_hidden): should not be reached

(pcmanfm:6406): GLib-GIO-CRITICAL **: 18:40:30.644: GFileInfo created without standard::is-backup

(pcmanfm:6406): GLib-GIO-CRITICAL **: 18:40:30.644: file ../../../gio/gfileinfo.c: line 1654 (g_file_info_get_is_backup): should not be reached

(pcmanfm:6406): Gtk-WARNING **: 18:41:00.738: Theme parsing error: <data>:2:27: The style property GtkWidget:focus-padding is deprecated and shouldn't be used anymore. It will be removed in a future version

(pcmanfm:6406): Gtk-WARNING **: 18:41:00.738: Theme parsing error: <data>:3:30: The style property GtkWidget:focus-line-width is deprecated and shouldn't be used anymore. It will be removed in a future version

(pcmanfm:6406): GLib-GIO-CRITICAL **: 18:41:00.738: GFileInfo created without standard::edit-name

(pcmanfm:6406): GLib-GIO-CRITICAL **: 18:41:00.738: file ../../../gio/gfileinfo.c: line 1742 (g_file_info_get_edit_name): should not be reached

(pcmanfm:6406): GLib-GIO-CRITICAL **: 18:41:00.739: GFileInfo created without standard::size

(pcmanfm:6406): GLib-GIO-CRITICAL **: 18:41:00.739: file ../../../gio/gfileinfo.c: line 1845 (g_file_info_get_size): should not be reached

(pcmanfm:6406): GLib-GIO-CRITICAL **: 18:41:00.739: GFileInfo created without standard::content-type

(pcmanfm:6406): GLib-GIO-CRITICAL **: 18:41:00.739: file ../../../gio/gfileinfo.c: line 1821 (g_file_info_get_content_type): should not be reached

(pcmanfm:6406): GLib-GIO-CRITICAL **: 18:41:00.739: GFileInfo created without standard::is-symlink

(pcmanfm:6406): GLib-GIO-CRITICAL **: 18:41:00.739: file ../../../gio/gfileinfo.c: line 1676 (g_file_info_get_is_symlink): should not be reached

(pcmanfm:6406): GLib-GIO-CRITICAL **: 18:41:00.739: GFileInfo created without standard::is-backup

(pcmanfm:6406): GLib-GIO-CRITICAL **: 18:41:00.739: file ../../../gio/gfileinfo.c: line 1654 (g_file_info_get_is_backup): should not be reached

(pcmanfm:6406): GLib-GIO-CRITICAL **: 18:41:00.740: GFileInfo created without standard::edit-name

(pcmanfm:6406): GLib-GIO-CRITICAL **: 18:41:00.742: file ../../../gio/gfileinfo.c: line 1742 (g_file_info_get_edit_name): should not be reached

(pcmanfm:6406): GLib-GIO-CRITICAL **: 18:41:00.742: GFileInfo created without standard::size

(pcmanfm:6406): GLib-GIO-CRITICAL **: 18:41:00.742: file ../../../gio/gfileinfo.c: line 1845 (g_file_info_get_size): should not be reached

(pcmanfm:6406): GLib-GIO-CRITICAL **: 18:41:00.742: GFileInfo created without standard::is-symlink

(pcmanfm:6406): GLib-GIO-CRITICAL **: 18:41:00.742: file ../../../gio/gfileinfo.c: line 1676 (g_file_info_get_is_symlink): should not be reached

(pcmanfm:6406): GLib-GIO-CRITICAL **: 18:41:00.742: GFileInfo created without standard::is-hidden

(pcmanfm:6406): GLib-GIO-CRITICAL **: 18:41:00.742: file ../../../gio/gfileinfo.c: line 1632 (g_file_info_get_is_hidden): should not be reached

(pcmanfm:6406): GLib-GIO-CRITICAL **: 18:41:00.742: GFileInfo created without standard::is-backup

(pcmanfm:6406): GLib-GIO-CRITICAL **: 18:41:00.742: file ../../../gio/gfileinfo.c: line 1654 (g_file_info_get_is_backup): should not be reached

(pcmanfm:6406): Gtk-WARNING **: 18:41:04.745: gtk_menu_detach(): menu is not attached
env GDK_BACKEND=x11 audacity '/workspaces/codespaces-remote-desktop/WindowsSound.wav' 
/usr/bin/google-chrome-stable 'file:///home/codespace/Desktop/xp-wallpaper.jpg' 
Opening in existing browser session.
** Message: 11:31:00.058: x-terminal-emulator has very limited support, consider choosing another terminal

** (pcmanfm:2559): WARNING **: 11:31:00.061: The directory '~/Templates' doesn't exist, ignoring it

(pcmanfm:2559): GVFS-RemoteVolumeMonitor-WARNING **: 11:31:00.207: remote volume monitor with dbus name org.gtk.vfs.UDisks2VolumeMonitor is not supported

(pcmanfm:2559): GLib-GIO-CRITICAL **: 11:31:00.346: GFileInfo created without standard::edit-name

(pcmanfm:2559): GLib-GIO-CRITICAL **: 11:31:00.346: file ../../../gio/gfileinfo.c: line 1742 (g_file_info_get_edit_name): should not be reached

(pcmanfm:2559): GLib-GIO-CRITICAL **: 11:31:00.346: GFileInfo created without standard::size

(pcmanfm:2559): GLib-GIO-CRITICAL **: 11:31:00.346: file ../../../gio/gfileinfo.c: line 1845 (g_file_info_get_size): should not be reached

(pcmanfm:2559): GLib-GIO-CRITICAL **: 11:31:00.346: GFileInfo created without standard::is-symlink

(pcmanfm:2559): GLib-GIO-CRITICAL **: 11:31:00.346: file ../../../gio/gfileinfo.c: line 1676 (g_file_info_get_is_symlink): should not be reached

(pcmanfm:2559): GLib-GIO-CRITICAL **: 11:31:00.346: GFileInfo created without standard::is-hidden

(pcmanfm:2559): GLib-GIO-CRITICAL **: 11:31:00.346: file ../../../gio/gfileinfo.c: line 1632 (g_file_info_get_is_hidden): should not be reached

(pcmanfm:2559): GLib-GIO-CRITICAL **: 11:31:00.347: GFileInfo created without standard::is-backup

(pcmanfm:2559): GLib-GIO-CRITICAL **: 11:31:00.347: file ../../../gio/gfileinfo.c: line 1654 (g_file_info_get_is_backup): should not be reached
** Message: 11:32:56.473: x-terminal-emulator has very limited support, consider choosing another terminal

** (pcmanfm:4946): WARNING **: 11:32:56.476: The directory '~/Templates' doesn't exist, ignoring it

(pcmanfm:4946): GVFS-RemoteVolumeMonitor-WARNING **: 11:32:56.566: remote volume monitor with dbus name org.gtk.vfs.UDisks2VolumeMonitor is not supported

(pcmanfm:4946): GLib-GIO-CRITICAL **: 11:32:56.666: GFileInfo created without standard::edit-name

(pcmanfm:4946): GLib-GIO-CRITICAL **: 11:32:56.666: file ../../../gio/gfileinfo.c: line 1742 (g_file_info_get_edit_name): should not be reached

(pcmanfm:4946): GLib-GIO-CRITICAL **: 11:32:56.667: GFileInfo created without standard::size

(pcmanfm:4946): GLib-GIO-CRITICAL **: 11:32:56.667: file ../../../gio/gfileinfo.c: line 1845 (g_file_info_get_size): should not be reached

(pcmanfm:4946): GLib-GIO-CRITICAL **: 11:32:56.667: GFileInfo created without standard::is-symlink

(pcmanfm:4946): GLib-GIO-CRITICAL **: 11:32:56.667: file ../../../gio/gfileinfo.c: line 1676 (g_file_info_get_is_symlink): should not be reached

(pcmanfm:4946): GLib-GIO-CRITICAL **: 11:32:56.667: GFileInfo created without standard::is-hidden

(pcmanfm:4946): GLib-GIO-CRITICAL **: 11:32:56.667: file ../../../gio/gfileinfo.c: line 1632 (g_file_info_get_is_hidden): should not be reached

(pcmanfm:4946): GLib-GIO-CRITICAL **: 11:32:56.667: GFileInfo created without standard::is-backup

(pcmanfm:4946): GLib-GIO-CRITICAL **: 11:32:56.667: file ../../../gio/gfileinfo.c: line 1654 (g_file_info_get_is_backup): should not be reached
vim '/home/codespace/Downloads/Backup-codes-gvbvdxx.txt' 

(xfce4-terminal:11499): xfce4-terminal-WARNING **: 11:41:56.475: Failed to connect to session manager: Failed to connect to the session manager: SESSION_MANAGER environment variable not defined
** Message: 11:52:39.886: x-terminal-emulator has very limited support, consider choosing another terminal

** (pcmanfm:17018): WARNING **: 11:52:39.889: The directory '~/Templates' doesn't exist, ignoring it

(pcmanfm:17018): GVFS-RemoteVolumeMonitor-WARNING **: 11:52:40.006: remote volume monitor with dbus name org.gtk.vfs.UDisks2VolumeMonitor is not supported

(pcmanfm:17018): GLib-GIO-CRITICAL **: 11:52:40.100: GFileInfo created without standard::edit-name

(pcmanfm:17018): GLib-GIO-CRITICAL **: 11:52:40.100: file ../../../gio/gfileinfo.c: line 1742 (g_file_info_get_edit_name): should not be reached

(pcmanfm:17018): GLib-GIO-CRITICAL **: 11:52:40.100: GFileInfo created without standard::size

(pcmanfm:17018): GLib-GIO-CRITICAL **: 11:52:40.100: file ../../../gio/gfileinfo.c: line 1845 (g_file_info_get_size): should not be reached

(pcmanfm:17018): GLib-GIO-CRITICAL **: 11:52:40.101: GFileInfo created without standard::is-symlink

(pcmanfm:17018): GLib-GIO-CRITICAL **: 11:52:40.101: file ../../../gio/gfileinfo.c: line 1676 (g_file_info_get_is_symlink): should not be reached

(pcmanfm:17018): GLib-GIO-CRITICAL **: 11:52:40.101: GFileInfo created without standard::is-hidden

(pcmanfm:17018): GLib-GIO-CRITICAL **: 11:52:40.101: file ../../../gio/gfileinfo.c: line 1632 (g_file_info_get_is_hidden): should not be reached

(pcmanfm:17018): GLib-GIO-CRITICAL **: 11:52:40.101: GFileInfo created without standard::is-backup

(pcmanfm:17018): GLib-GIO-CRITICAL **: 11:52:40.102: file ../../../gio/gfileinfo.c: line 1654 (g_file_info_get_is_backup): should not be reached
** Message: 11:52:54.877: x-terminal-emulator has very limited support, consider choosing another terminal

** (pcmanfm:17406): WARNING **: 11:52:54.877: The directory '~/Templates' doesn't exist, ignoring it

(pcmanfm:17406): GVFS-RemoteVolumeMonitor-WARNING **: 11:52:54.962: remote volume monitor with dbus name org.gtk.vfs.UDisks2VolumeMonitor is not supported

(pcmanfm:17406): GLib-GIO-CRITICAL **: 11:52:55.062: GFileInfo created without standard::edit-name

(pcmanfm:17406): GLib-GIO-CRITICAL **: 11:52:55.062: file ../../../gio/gfileinfo.c: line 1742 (g_file_info_get_edit_name): should not be reached

(pcmanfm:17406): GLib-GIO-CRITICAL **: 11:52:55.062: GFileInfo created without standard::size

(pcmanfm:17406): GLib-GIO-CRITICAL **: 11:52:55.062: file ../../../gio/gfileinfo.c: line 1845 (g_file_info_get_size): should not be reached

(pcmanfm:17406): GLib-GIO-CRITICAL **: 11:52:55.062: GFileInfo created without standard::is-symlink

(pcmanfm:17406): GLib-GIO-CRITICAL **: 11:52:55.062: file ../../../gio/gfileinfo.c: line 1676 (g_file_info_get_is_symlink): should not be reached

(pcmanfm:17406): GLib-GIO-CRITICAL **: 11:52:55.062: GFileInfo created without standard::is-hidden

(pcmanfm:17406): GLib-GIO-CRITICAL **: 11:52:55.062: file ../../../gio/gfileinfo.c: line 1632 (g_file_info_get_is_hidden): should not be reached

(pcmanfm:17406): GLib-GIO-CRITICAL **: 11:52:55.062: GFileInfo created without standard::is-backup

(pcmanfm:17406): GLib-GIO-CRITICAL **: 11:52:55.062: file ../../../gio/gfileinfo.c: line 1654 (g_file_info_get_is_backup): should not be reached
** Message: 11:53:11.965: x-terminal-emulator has very limited support, consider choosing another terminal

** (pcmanfm:17771): WARNING **: 11:53:11.965: The directory '~/Templates' doesn't exist, ignoring it

(pcmanfm:17771): GVFS-RemoteVolumeMonitor-WARNING **: 11:53:12.081: remote volume monitor with dbus name org.gtk.vfs.UDisks2VolumeMonitor is not supported

(pcmanfm:17771): GLib-GIO-CRITICAL **: 11:53:12.209: GFileInfo created without standard::edit-name

(pcmanfm:17771): GLib-GIO-CRITICAL **: 11:53:12.209: file ../../../gio/gfileinfo.c: line 1742 (g_file_info_get_edit_name): should not be reached

(pcmanfm:17771): GLib-GIO-CRITICAL **: 11:53:12.209: GFileInfo created without standard::size

(pcmanfm:17771): GLib-GIO-CRITICAL **: 11:53:12.209: file ../../../gio/gfileinfo.c: line 1845 (g_file_info_get_size): should not be reached

(pcmanfm:17771): GLib-GIO-CRITICAL **: 11:53:12.209: GFileInfo created without standard::is-symlink

(pcmanfm:17771): GLib-GIO-CRITICAL **: 11:53:12.209: file ../../../gio/gfileinfo.c: line 1676 (g_file_info_get_is_symlink): should not be reached

(pcmanfm:17771): GLib-GIO-CRITICAL **: 11:53:12.209: GFileInfo created without standard::is-hidden

(pcmanfm:17771): GLib-GIO-CRITICAL **: 11:53:12.209: file ../../../gio/gfileinfo.c: line 1632 (g_file_info_get_is_hidden): should not be reached

(pcmanfm:17771): GLib-GIO-CRITICAL **: 11:53:12.209: GFileInfo created without standard::is-backup

(pcmanfm:17771): GLib-GIO-CRITICAL **: 11:53:12.209: file ../../../gio/gfileinfo.c: line 1654 (g_file_info_get_is_backup): should not be reached
** Message: 11:54:37.670: x-terminal-emulator has very limited support, consider choosing another terminal

** (pcmanfm:19196): WARNING **: 11:54:37.670: The directory '~/Templates' doesn't exist, ignoring it

(pcmanfm:19196): GVFS-RemoteVolumeMonitor-WARNING **: 11:54:37.791: remote volume monitor with dbus name org.gtk.vfs.UDisks2VolumeMonitor is not supported

(pcmanfm:19196): GLib-GIO-CRITICAL **: 11:54:37.925: GFileInfo created without standard::edit-name

(pcmanfm:19196): GLib-GIO-CRITICAL **: 11:54:37.925: file ../../../gio/gfileinfo.c: line 1742 (g_file_info_get_edit_name): should not be reached

(pcmanfm:19196): GLib-GIO-CRITICAL **: 11:54:37.925: GFileInfo created without standard::size

(pcmanfm:19196): GLib-GIO-CRITICAL **: 11:54:37.926: file ../../../gio/gfileinfo.c: line 1845 (g_file_info_get_size): should not be reached

(pcmanfm:19196): GLib-GIO-CRITICAL **: 11:54:37.926: GFileInfo created without standard::is-symlink

(pcmanfm:19196): GLib-GIO-CRITICAL **: 11:54:37.926: file ../../../gio/gfileinfo.c: line 1676 (g_file_info_get_is_symlink): should not be reached

(pcmanfm:19196): GLib-GIO-CRITICAL **: 11:54:37.926: GFileInfo created without standard::is-hidden

(pcmanfm:19196): GLib-GIO-CRITICAL **: 11:54:37.926: file ../../../gio/gfileinfo.c: line 1632 (g_file_info_get_is_hidden): should not be reached

(pcmanfm:19196): GLib-GIO-CRITICAL **: 11:54:37.927: GFileInfo created without standard::is-backup

(pcmanfm:19196): GLib-GIO-CRITICAL **: 11:54:37.927: file ../../../gio/gfileinfo.c: line 1654 (g_file_info_get_is_backup): should not be reached
** Message: 11:56:04.594: x-terminal-emulator has very limited support, consider choosing another terminal

** (pcmanfm:20567): WARNING **: 11:56:04.597: The directory '~/Templates' doesn't exist, ignoring it

(pcmanfm:20567): GVFS-RemoteVolumeMonitor-WARNING **: 11:56:04.694: remote volume monitor with dbus name org.gtk.vfs.UDisks2VolumeMonitor is not supported

(pcmanfm:20567): GLib-GIO-CRITICAL **: 11:56:04.785: GFileInfo created without standard::edit-name

(pcmanfm:20567): GLib-GIO-CRITICAL **: 11:56:04.785: file ../../../gio/gfileinfo.c: line 1742 (g_file_info_get_edit_name): should not be reached

(pcmanfm:20567): GLib-GIO-CRITICAL **: 11:56:04.785: GFileInfo created without standard::size

(pcmanfm:20567): GLib-GIO-CRITICAL **: 11:56:04.785: file ../../../gio/gfileinfo.c: line 1845 (g_file_info_get_size): should not be reached

(pcmanfm:20567): GLib-GIO-CRITICAL **: 11:56:04.786: GFileInfo created without standard::is-symlink

(pcmanfm:20567): GLib-GIO-CRITICAL **: 11:56:04.786: file ../../../gio/gfileinfo.c: line 1676 (g_file_info_get_is_symlink): should not be reached

(pcmanfm:20567): GLib-GIO-CRITICAL **: 11:56:04.786: GFileInfo created without standard::is-hidden

(pcmanfm:20567): GLib-GIO-CRITICAL **: 11:56:04.786: file ../../../gio/gfileinfo.c: line 1632 (g_file_info_get_is_hidden): should not be reached

(pcmanfm:20567): GLib-GIO-CRITICAL **: 11:56:04.786: GFileInfo created without standard::is-backup

(pcmanfm:20567): GLib-GIO-CRITICAL **: 11:56:04.787: file ../../../gio/gfileinfo.c: line 1654 (g_file_info_get_is_backup): should not be reached

(pcmanfm:20567): GLib-GIO-CRITICAL **: 12:04:55.718: GFileInfo created without standard::edit-name

(pcmanfm:20567): GLib-GIO-CRITICAL **: 12:04:55.718: file ../../../gio/gfileinfo.c: line 1742 (g_file_info_get_edit_name): should not be reached

(pcmanfm:20567): GLib-GIO-CRITICAL **: 12:04:55.718: GFileInfo created without standard::size

(pcmanfm:20567): GLib-GIO-CRITICAL **: 12:04:55.718: file ../../../gio/gfileinfo.c: line 1845 (g_file_info_get_size): should not be reached

(pcmanfm:20567): GLib-GIO-CRITICAL **: 12:04:55.718: GFileInfo created without standard::content-type

(pcmanfm:20567): GLib-GIO-CRITICAL **: 12:04:55.718: file ../../../gio/gfileinfo.c: line 1821 (g_file_info_get_content_type): should not be reached

(pcmanfm:20567): GLib-GIO-CRITICAL **: 12:04:55.718: GFileInfo created without standard::is-symlink

(pcmanfm:20567): GLib-GIO-CRITICAL **: 12:04:55.718: file ../../../gio/gfileinfo.c: line 1676 (g_file_info_get_is_symlink): should not be reached

(pcmanfm:20567): GLib-GIO-CRITICAL **: 12:04:55.718: GFileInfo created without standard::is-backup

(pcmanfm:20567): GLib-GIO-CRITICAL **: 12:04:55.718: file ../../../gio/gfileinfo.c: line 1654 (g_file_info_get_is_backup): should not be reached

(pcmanfm:20567): Gtk-WARNING **: 12:04:55.720: Theme parsing error: <data>:2:27: The style property GtkWidget:focus-padding is deprecated and shouldn't be used anymore. It will be removed in a future version

(pcmanfm:20567): Gtk-WARNING **: 12:04:55.721: Theme parsing error: <data>:3:30: The style property GtkWidget:focus-line-width is deprecated and shouldn't be used anymore. It will be removed in a future version

(pcmanfm:20567): GLib-GIO-CRITICAL **: 12:04:55.724: GFileInfo created without standard::edit-name

(pcmanfm:20567): GLib-GIO-CRITICAL **: 12:04:55.724: file ../../../gio/gfileinfo.c: line 1742 (g_file_info_get_edit_name): should not be reached

(pcmanfm:20567): GLib-GIO-CRITICAL **: 12:04:55.724: GFileInfo created without standard::size

(pcmanfm:20567): GLib-GIO-CRITICAL **: 12:04:55.724: file ../../../gio/gfileinfo.c: line 1845 (g_file_info_get_size): should not be reached

(pcmanfm:20567): GLib-GIO-CRITICAL **: 12:04:55.724: GFileInfo created without standard::is-symlink

(pcmanfm:20567): GLib-GIO-CRITICAL **: 12:04:55.724: file ../../../gio/gfileinfo.c: line 1676 (g_file_info_get_is_symlink): should not be reached

(pcmanfm:20567): GLib-GIO-CRITICAL **: 12:04:55.724: GFileInfo created without standard::is-hidden

(pcmanfm:20567): GLib-GIO-CRITICAL **: 12:04:55.724: file ../../../gio/gfileinfo.c: line 1632 (g_file_info_get_is_hidden): should not be reached

(pcmanfm:20567): GLib-GIO-CRITICAL **: 12:04:55.725: GFileInfo created without standard::is-backup

(pcmanfm:20567): GLib-GIO-CRITICAL **: 12:04:55.725: file ../../../gio/gfileinfo.c: line 1654 (g_file_info_get_is_backup): should not be reached
vim '/home/codespace/Downloads/Backup-codes-gvbvdxx.txt' 

(xfce4-terminal:26909): xfce4-terminal-WARNING **: 12:05:02.455: Failed to connect to session manager: Failed to connect to the session manager: SESSION_MANAGER environment variable not defined
** Message: 12:07:35.990: x-terminal-emulator has very limited support, consider choosing another terminal

** (pcmanfm:28865): WARNING **: 12:07:35.991: The directory '~/Templates' doesn't exist, ignoring it

(pcmanfm:28865): GVFS-RemoteVolumeMonitor-WARNING **: 12:07:36.129: remote volume monitor with dbus name org.gtk.vfs.UDisks2VolumeMonitor is not supported

(pcmanfm:28865): GLib-GIO-CRITICAL **: 12:07:36.259: GFileInfo created without standard::edit-name

(pcmanfm:28865): GLib-GIO-CRITICAL **: 12:07:36.259: file ../../../gio/gfileinfo.c: line 1742 (g_file_info_get_edit_name): should not be reached

(pcmanfm:28865): GLib-GIO-CRITICAL **: 12:07:36.259: GFileInfo created without standard::size

(pcmanfm:28865): GLib-GIO-CRITICAL **: 12:07:36.259: file ../../../gio/gfileinfo.c: line 1845 (g_file_info_get_size): should not be reached

(pcmanfm:28865): GLib-GIO-CRITICAL **: 12:07:36.259: GFileInfo created without standard::is-symlink

(pcmanfm:28865): GLib-GIO-CRITICAL **: 12:07:36.259: file ../../../gio/gfileinfo.c: line 1676 (g_file_info_get_is_symlink): should not be reached

(pcmanfm:28865): GLib-GIO-CRITICAL **: 12:07:36.259: GFileInfo created without standard::is-hidden

(pcmanfm:28865): GLib-GIO-CRITICAL **: 12:07:36.259: file ../../../gio/gfileinfo.c: line 1632 (g_file_info_get_is_hidden): should not be reached

(pcmanfm:28865): GLib-GIO-CRITICAL **: 12:07:36.259: GFileInfo created without standard::is-backup

(pcmanfm:28865): GLib-GIO-CRITICAL **: 12:07:36.259: file ../../../gio/gfileinfo.c: line 1654 (g_file_info_get_is_backup): should not be reached

(pcmanfm:28865): Gtk-WARNING **: 12:08:46.830: Theme parsing error: <data>:2:27: The style property GtkWidget:focus-padding is deprecated and shouldn't be used anymore. It will be removed in a future version

(pcmanfm:28865): Gtk-WARNING **: 12:08:46.830: Theme parsing error: <data>:3:30: The style property GtkWidget:focus-line-width is deprecated and shouldn't be used anymore. It will be removed in a future version

(pcmanfm:28865): GLib-GIO-CRITICAL **: 12:08:46.831: GFileInfo created without standard::edit-name

(pcmanfm:28865): GLib-GIO-CRITICAL **: 12:08:46.831: file ../../../gio/gfileinfo.c: line 1742 (g_file_info_get_edit_name): should not be reached

(pcmanfm:28865): GLib-GIO-CRITICAL **: 12:08:46.831: GFileInfo created without standard::size

(pcmanfm:28865): GLib-GIO-CRITICAL **: 12:08:46.831: file ../../../gio/gfileinfo.c: line 1845 (g_file_info_get_size): should not be reached

(pcmanfm:28865): GLib-GIO-CRITICAL **: 12:08:46.831: GFileInfo created without standard::content-type

(pcmanfm:28865): GLib-GIO-CRITICAL **: 12:08:46.831: file ../../../gio/gfileinfo.c: line 1821 (g_file_info_get_content_type): should not be reached

(pcmanfm:28865): GLib-GIO-CRITICAL **: 12:08:46.831: GFileInfo created without standard::is-symlink

(pcmanfm:28865): GLib-GIO-CRITICAL **: 12:08:46.831: file ../../../gio/gfileinfo.c: line 1676 (g_file_info_get_is_symlink): should not be reached

(pcmanfm:28865): GLib-GIO-CRITICAL **: 12:08:46.831: GFileInfo created without standard::is-backup

(pcmanfm:28865): GLib-GIO-CRITICAL **: 12:08:46.831: file ../../../gio/gfileinfo.c: line 1654 (g_file_info_get_is_backup): should not be reached

(pcmanfm:28865): GLib-GIO-CRITICAL **: 12:08:46.833: GFileInfo created without standard::edit-name

(pcmanfm:28865): GLib-GIO-CRITICAL **: 12:08:46.834: file ../../../gio/gfileinfo.c: line 1742 (g_file_info_get_edit_name): should not be reached

(pcmanfm:28865): GLib-GIO-CRITICAL **: 12:08:46.834: GFileInfo created without standard::size

(pcmanfm:28865): GLib-GIO-CRITICAL **: 12:08:46.834: file ../../../gio/gfileinfo.c: line 1845 (g_file_info_get_size): should not be reached

(pcmanfm:28865): GLib-GIO-CRITICAL **: 12:08:46.835: GFileInfo created without standard::is-symlink

(pcmanfm:28865): GLib-GIO-CRITICAL **: 12:08:46.835: file ../../../gio/gfileinfo.c: line 1676 (g_file_info_get_is_symlink): should not be reached

(pcmanfm:28865): GLib-GIO-CRITICAL **: 12:08:46.836: GFileInfo created without standard::is-hidden

(pcmanfm:28865): GLib-GIO-CRITICAL **: 12:08:46.836: file ../../../gio/gfileinfo.c: line 1632 (g_file_info_get_is_hidden): should not be reached

(pcmanfm:28865): GLib-GIO-CRITICAL **: 12:08:46.838: GFileInfo created without standard::is-backup

(pcmanfm:28865): GLib-GIO-CRITICAL **: 12:08:46.838: file ../../../gio/gfileinfo.c: line 1654 (g_file_info_get_is_backup): should not be reached

(pcmanfm:28865): GLib-GIO-CRITICAL **: 12:08:52.418: GFileInfo created without standard::edit-name

(pcmanfm:28865): GLib-GIO-CRITICAL **: 12:08:52.419: file ../../../gio/gfileinfo.c: line 1742 (g_file_info_get_edit_name): should not be reached

(pcmanfm:28865): GLib-GIO-CRITICAL **: 12:08:52.419: GFileInfo created without standard::size

(pcmanfm:28865): GLib-GIO-CRITICAL **: 12:08:52.419: file ../../../gio/gfileinfo.c: line 1845 (g_file_info_get_size): should not be reached

(pcmanfm:28865): GLib-GIO-CRITICAL **: 12:08:52.419: GFileInfo created without standard::is-symlink

(pcmanfm:28865): GLib-GIO-CRITICAL **: 12:08:52.419: file ../../../gio/gfileinfo.c: line 1676 (g_file_info_get_is_symlink): should not be reached

(pcmanfm:28865): GLib-GIO-CRITICAL **: 12:08:52.419: GFileInfo created without standard::is-hidden

(pcmanfm:28865): GLib-GIO-CRITICAL **: 12:08:52.419: file ../../../gio/gfileinfo.c: line 1632 (g_file_info_get_is_hidden): should not be reached

(pcmanfm:28865): GLib-GIO-CRITICAL **: 12:08:52.419: GFileInfo created without standard::is-backup

(pcmanfm:28865): GLib-GIO-CRITICAL **: 12:08:52.419: file ../../../gio/gfileinfo.c: line 1654 (g_file_info_get_is_backup): should not be reached

(pcmanfm:28865): GLib-GIO-CRITICAL **: 12:09:03.039: GFileInfo created without standard::edit-name

(pcmanfm:28865): GLib-GIO-CRITICAL **: 12:09:03.039: file ../../../gio/gfileinfo.c: line 1742 (g_file_info_get_edit_name): should not be reached

(pcmanfm:28865): GLib-GIO-CRITICAL **: 12:09:03.039: GFileInfo created without standard::size

(pcmanfm:28865): GLib-GIO-CRITICAL **: 12:09:03.039: file ../../../gio/gfileinfo.c: line 1845 (g_file_info_get_size): should not be reached

(pcmanfm:28865): GLib-GIO-CRITICAL **: 12:09:03.039: GFileInfo created without standard::content-type

(pcmanfm:28865): GLib-GIO-CRITICAL **: 12:09:03.039: file ../../../gio/gfileinfo.c: line 1821 (g_file_info_get_content_type): should not be reached

(pcmanfm:28865): GLib-GIO-CRITICAL **: 12:09:03.039: GFileInfo created without standard::is-symlink

(pcmanfm:28865): GLib-GIO-CRITICAL **: 12:09:03.039: file ../../../gio/gfileinfo.c: line 1676 (g_file_info_get_is_symlink): should not be reached

(pcmanfm:28865): GLib-GIO-CRITICAL **: 12:09:03.039: GFileInfo created without standard::is-backup

(pcmanfm:28865): GLib-GIO-CRITICAL **: 12:09:03.039: file ../../../gio/gfileinfo.c: line 1654 (g_file_info_get_is_backup): should not be reached

(pcmanfm:28865): GLib-GIO-CRITICAL **: 12:09:03.039: GFileInfo created without standard::edit-name

(pcmanfm:28865): GLib-GIO-CRITICAL **: 12:09:03.039: file ../../../gio/gfileinfo.c: line 1742 (g_file_info_get_edit_name): should not be reached

(pcmanfm:28865): GLib-GIO-CRITICAL **: 12:09:03.039: GFileInfo created without standard::size

(pcmanfm:28865): GLib-GIO-CRITICAL **: 12:09:03.039: file ../../../gio/gfileinfo.c: line 1845 (g_file_info_get_size): should not be reached

(pcmanfm:28865): GLib-GIO-CRITICAL **: 12:09:03.039: GFileInfo created without standard::content-type

(pcmanfm:28865): GLib-GIO-CRITICAL **: 12:09:03.039: file ../../../gio/gfileinfo.c: line 1821 (g_file_info_get_content_type): should not be reached

(pcmanfm:28865): GLib-GIO-CRITICAL **: 12:09:03.039: GFileInfo created without standard::is-symlink

(pcmanfm:28865): GLib-GIO-CRITICAL **: 12:09:03.040: file ../../../gio/gfileinfo.c: line 1676 (g_file_info_get_is_symlink): should not be reached

(pcmanfm:28865): GLib-GIO-CRITICAL **: 12:09:03.040: GFileInfo created without standard::is-backup

(pcmanfm:28865): GLib-GIO-CRITICAL **: 12:09:03.040: file ../../../gio/gfileinfo.c: line 1654 (g_file_info_get_is_backup): should not be reached

(pcmanfm:28865): GLib-GIO-CRITICAL **: 12:09:03.040: GFileInfo created without standard::edit-name

(pcmanfm:28865): GLib-GIO-CRITICAL **: 12:09:03.040: file ../../../gio/gfileinfo.c: line 1742 (g_file_info_get_edit_name): should not be reached

(pcmanfm:28865): GLib-GIO-CRITICAL **: 12:09:03.040: GFileInfo created without standard::size

(pcmanfm:28865): GLib-GIO-CRITICAL **: 12:09:03.040: file ../../../gio/gfileinfo.c: line 1845 (g_file_info_get_size): should not be reached

(pcmanfm:28865): GLib-GIO-CRITICAL **: 12:09:03.040: GFileInfo created without standard::content-type

(pcmanfm:28865): GLib-GIO-CRITICAL **: 12:09:03.040: file ../../../gio/gfileinfo.c: line 1821 (g_file_info_get_content_type): should not be reached

(pcmanfm:28865): GLib-GIO-CRITICAL **: 12:09:03.040: GFileInfo created without standard::is-symlink

(pcmanfm:28865): GLib-GIO-CRITICAL **: 12:09:03.040: file ../../../gio/gfileinfo.c: line 1676 (g_file_info_get_is_symlink): should not be reached

(pcmanfm:28865): GLib-GIO-CRITICAL **: 12:09:03.040: GFileInfo created without standard::is-backup

(pcmanfm:28865): GLib-GIO-CRITICAL **: 12:09:03.040: file ../../../gio/gfileinfo.c: line 1654 (g_file_info_get_is_backup): should not be reached

(pcmanfm:28865): GLib-GIO-CRITICAL **: 12:09:03.040: GFileInfo created without standard::edit-name

(pcmanfm:28865): GLib-GIO-CRITICAL **: 12:09:03.040: file ../../../gio/gfileinfo.c: line 1742 (g_file_info_get_edit_name): should not be reached

(pcmanfm:28865): GLib-GIO-CRITICAL **: 12:09:03.040: GFileInfo created without standard::size

(pcmanfm:28865): GLib-GIO-CRITICAL **: 12:09:03.040: file ../../../gio/gfileinfo.c: line 1845 (g_file_info_get_size): should not be reached

(pcmanfm:28865): GLib-GIO-CRITICAL **: 12:09:03.040: GFileInfo created without standard::content-type

(pcmanfm:28865): GLib-GIO-CRITICAL **: 12:09:03.040: file ../../../gio/gfileinfo.c: line 1821 (g_file_info_get_content_type): should not be reached

(pcmanfm:28865): GLib-GIO-CRITICAL **: 12:09:03.040: GFileInfo created without standard::is-symlink

(pcmanfm:28865): GLib-GIO-CRITICAL **: 12:09:03.040: file ../../../gio/gfileinfo.c: line 1676 (g_file_info_get_is_symlink): should not be reached

(pcmanfm:28865): GLib-GIO-CRITICAL **: 12:09:03.040: GFileInfo created without standard::is-backup

(pcmanfm:28865): GLib-GIO-CRITICAL **: 12:09:03.040: file ../../../gio/gfileinfo.c: line 1654 (g_file_info_get_is_backup): should not be reached

(pcmanfm:28865): GLib-GIO-CRITICAL **: 12:09:03.040: GFileInfo created without standard::edit-name

(pcmanfm:28865): GLib-GIO-CRITICAL **: 12:09:03.040: file ../../../gio/gfileinfo.c: line 1742 (g_file_info_get_edit_name): should not be reached

(pcmanfm:28865): GLib-GIO-CRITICAL **: 12:09:03.040: GFileInfo created without standard::size

(pcmanfm:28865): GLib-GIO-CRITICAL **: 12:09:03.040: file ../../../gio/gfileinfo.c: line 1845 (g_file_info_get_size): should not be reached

(pcmanfm:28865): GLib-GIO-CRITICAL **: 12:09:03.040: GFileInfo created without standard::content-type

(pcmanfm:28865): GLib-GIO-CRITICAL **: 12:09:03.040: file ../../../gio/gfileinfo.c: line 1821 (g_file_info_get_content_type): should not be reached

(pcmanfm:28865): GLib-GIO-CRITICAL **: 12:09:03.040: GFileInfo created without standard::is-symlink

(pcmanfm:28865): GLib-GIO-CRITICAL **: 12:09:03.040: file ../../../gio/gfileinfo.c: line 1676 (g_file_info_get_is_symlink): should not be reached

(pcmanfm:28865): GLib-GIO-CRITICAL **: 12:09:03.040: GFileInfo created without standard::is-backup

(pcmanfm:28865): GLib-GIO-CRITICAL **: 12:09:03.040: file ../../../gio/gfileinfo.c: line 1654 (g_file_info_get_is_backup): should not be reached

(pcmanfm:28865): GLib-GIO-CRITICAL **: 12:09:03.040: GFileInfo created without standard::edit-name

(pcmanfm:28865): GLib-GIO-CRITICAL **: 12:09:03.041: file ../../../gio/gfileinfo.c: line 1742 (g_file_info_get_edit_name): should not be reached

(pcmanfm:28865): GLib-GIO-CRITICAL **: 12:09:03.041: GFileInfo created without standard::size

(pcmanfm:28865): GLib-GIO-CRITICAL **: 12:09:03.041: file ../../../gio/gfileinfo.c: line 1845 (g_file_info_get_size): should not be reached

(pcmanfm:28865): GLib-GIO-CRITICAL **: 12:09:03.041: GFileInfo created without standard::content-type

(pcmanfm:28865): GLib-GIO-CRITICAL **: 12:09:03.041: file ../../../gio/gfileinfo.c: line 1821 (g_file_info_get_content_type): should not be reached

(pcmanfm:28865): GLib-GIO-CRITICAL **: 12:09:03.041: GFileInfo created without standard::is-symlink

(pcmanfm:28865): GLib-GIO-CRITICAL **: 12:09:03.041: file ../../../gio/gfileinfo.c: line 1676 (g_file_info_get_is_symlink): should not be reached

(pcmanfm:28865): GLib-GIO-CRITICAL **: 12:09:03.041: GFileInfo created without standard::is-backup

(pcmanfm:28865): GLib-GIO-CRITICAL **: 12:09:03.041: file ../../../gio/gfileinfo.c: line 1654 (g_file_info_get_is_backup): should not be reached

(pcmanfm:28865): GLib-GIO-CRITICAL **: 12:09:03.041: GFileInfo created without standard::edit-name

(pcmanfm:28865): GLib-GIO-CRITICAL **: 12:09:03.041: file ../../../gio/gfileinfo.c: line 1742 (g_file_info_get_edit_name): should not be reached

(pcmanfm:28865): GLib-GIO-CRITICAL **: 12:09:03.041: GFileInfo created without standard::size

(pcmanfm:28865): GLib-GIO-CRITICAL **: 12:09:03.041: file ../../../gio/gfileinfo.c: line 1845 (g_file_info_get_size): should not be reached

(pcmanfm:28865): GLib-GIO-CRITICAL **: 12:09:03.041: GFileInfo created without standard::content-type

(pcmanfm:28865): GLib-GIO-CRITICAL **: 12:09:03.041: file ../../../gio/gfileinfo.c: line 1821 (g_file_info_get_content_type): should not be reached

(pcmanfm:28865): GLib-GIO-CRITICAL **: 12:09:03.041: GFileInfo created without standard::is-symlink

(pcmanfm:28865): GLib-GIO-CRITICAL **: 12:09:03.041: file ../../../gio/gfileinfo.c: line 1676 (g_file_info_get_is_symlink): should not be reached

(pcmanfm:28865): GLib-GIO-CRITICAL **: 12:09:03.041: GFileInfo created without standard::is-backup

(pcmanfm:28865): GLib-GIO-CRITICAL **: 12:09:03.041: file ../../../gio/gfileinfo.c: line 1654 (g_file_info_get_is_backup): should not be reached

(pcmanfm:28865): GLib-GIO-CRITICAL **: 12:09:03.041: GFileInfo created without standard::edit-name

(pcmanfm:28865): GLib-GIO-CRITICAL **: 12:09:03.041: file ../../../gio/gfileinfo.c: line 1742 (g_file_info_get_edit_name): should not be reached

(pcmanfm:28865): GLib-GIO-CRITICAL **: 12:09:03.041: GFileInfo created without standard::size

(pcmanfm:28865): GLib-GIO-CRITICAL **: 12:09:03.041: file ../../../gio/gfileinfo.c: line 1845 (g_file_info_get_size): should not be reached

(pcmanfm:28865): GLib-GIO-CRITICAL **: 12:09:03.041: GFileInfo created without standard::content-type

(pcmanfm:28865): GLib-GIO-CRITICAL **: 12:09:03.041: file ../../../gio/gfileinfo.c: line 1821 (g_file_info_get_content_type): should not be reached

(pcmanfm:28865): GLib-GIO-CRITICAL **: 12:09:03.041: GFileInfo created without standard::is-symlink

(pcmanfm:28865): GLib-GIO-CRITICAL **: 12:09:03.041: file ../../../gio/gfileinfo.c: line 1676 (g_file_info_get_is_symlink): should not be reached

(pcmanfm:28865): GLib-GIO-CRITICAL **: 12:09:03.041: GFileInfo created without standard::is-backup

(pcmanfm:28865): GLib-GIO-CRITICAL **: 12:09:03.041: file ../../../gio/gfileinfo.c: line 1654 (g_file_info_get_is_backup): should not be reached

(pcmanfm:28865): GLib-GIO-CRITICAL **: 12:09:03.040: GFileInfo created without standard::edit-name

(pcmanfm:28865): GLib-GIO-CRITICAL **: 12:09:03.041: file ../../../gio/gfileinfo.c: line 1742 (g_file_info_get_edit_name): should not be reached

(pcmanfm:28865): GLib-GIO-CRITICAL **: 12:09:03.042: GFileInfo created without standard::edit-name

(pcmanfm:28865): GLib-GIO-CRITICAL **: 12:09:03.042: file ../../../gio/gfileinfo.c: line 1742 (g_file_info_get_edit_name): should not be reached

(pcmanfm:28865): GLib-GIO-CRITICAL **: 12:09:03.042: GFileInfo created without standard::edit-name

(pcmanfm:28865): GLib-GIO-CRITICAL **: 12:09:03.042: file ../../../gio/gfileinfo.c: line 1742 (g_file_info_get_edit_name): should not be reached

(pcmanfm:28865): GLib-GIO-CRITICAL **: 12:09:03.042: GFileInfo created without standard::edit-name

(pcmanfm:28865): GLib-GIO-CRITICAL **: 12:09:03.042: file ../../../gio/gfileinfo.c: line 1742 (g_file_info_get_edit_name): should not be reached

(pcmanfm:28865): GLib-GIO-CRITICAL **: 12:09:03.042: GFileInfo created without standard::edit-name

(pcmanfm:28865): GLib-GIO-CRITICAL **: 12:09:03.042: file ../../../gio/gfileinfo.c: line 1742 (g_file_info_get_edit_name): should not be reached

(pcmanfm:28865): GLib-GIO-CRITICAL **: 12:09:03.042: GFileInfo created without standard::edit-name

(pcmanfm:28865): GLib-GIO-CRITICAL **: 12:09:03.042: file ../../../gio/gfileinfo.c: line 1742 (g_file_info_get_edit_name): should not be reached

(pcmanfm:28865): GLib-GIO-CRITICAL **: 12:09:03.042: GFileInfo created without standard::edit-name

(pcmanfm:28865): GLib-GIO-CRITICAL **: 12:09:03.042: file ../../../gio/gfileinfo.c: line 1742 (g_file_info_get_edit_name): should not be reached

(pcmanfm:28865): GLib-GIO-CRITICAL **: 12:09:03.042: GFileInfo created without standard::edit-name

(pcmanfm:28865): GLib-GIO-CRITICAL **: 12:09:03.042: file ../../../gio/gfileinfo.c: line 1742 (g_file_info_get_edit_name): should not be reached

(pcmanfm:28865): GLib-GIO-CRITICAL **: 12:09:03.042: GFileInfo created without standard::edit-name

(pcmanfm:28865): GLib-GIO-CRITICAL **: 12:09:03.042: file ../../../gio/gfileinfo.c: line 1742 (g_file_info_get_edit_name): should not be reached

(pcmanfm:28865): GLib-GIO-CRITICAL **: 12:09:03.043: GFileInfo created without standard::edit-name

(pcmanfm:28865): GLib-GIO-CRITICAL **: 12:09:03.043: file ../../../gio/gfileinfo.c: line 1742 (g_file_info_get_edit_name): should not be reached

(pcmanfm:28865): GLib-GIO-CRITICAL **: 12:09:03.043: GFileInfo created without standard::edit-name

(pcmanfm:28865): GLib-GIO-CRITICAL **: 12:09:03.043: file ../../../gio/gfileinfo.c: line 1742 (g_file_info_get_edit_name): should not be reached

(pcmanfm:28865): GLib-GIO-CRITICAL **: 12:09:03.043: GFileInfo created without standard::edit-name

(pcmanfm:28865): GLib-GIO-CRITICAL **: 12:09:03.043: file ../../../gio/gfileinfo.c: line 1742 (g_file_info_get_edit_name): should not be reached

(pcmanfm:28865): GLib-GIO-CRITICAL **: 12:09:03.043: GFileInfo created without standard::edit-name

(pcmanfm:28865): GLib-GIO-CRITICAL **: 12:09:03.043: file ../../../gio/gfileinfo.c: line 1742 (g_file_info_get_edit_name): should not be reached

(pcmanfm:28865): GLib-GIO-CRITICAL **: 12:09:03.043: GFileInfo created without standard::edit-name

(pcmanfm:28865): GLib-GIO-CRITICAL **: 12:09:03.043: file ../../../gio/gfileinfo.c: line 1742 (g_file_info_get_edit_name): should not be reached

(pcmanfm:28865): GLib-GIO-CRITICAL **: 12:09:03.043: GFileInfo created without standard::size

(pcmanfm:28865): GLib-GIO-CRITICAL **: 12:09:03.043: file ../../../gio/gfileinfo.c: line 1845 (g_file_info_get_size): should not be reached

(pcmanfm:28865): GLib-GIO-CRITICAL **: 12:09:03.043: GFileInfo created without standard::content-type

(pcmanfm:28865): GLib-GIO-CRITICAL **: 12:09:03.043: file ../../../gio/gfileinfo.c: line 1821 (g_file_info_get_content_type): should not be reached

(pcmanfm:28865): GLib-GIO-CRITICAL **: 12:09:03.044: GFileInfo created without standard::is-symlink

(pcmanfm:28865): GLib-GIO-CRITICAL **: 12:09:03.044: file ../../../gio/gfileinfo.c: line 1676 (g_file_info_get_is_symlink): should not be reached

(pcmanfm:28865): GLib-GIO-CRITICAL **: 12:09:03.044: GFileInfo created without standard::is-backup

(pcmanfm:28865): GLib-GIO-CRITICAL **: 12:09:03.044: file ../../../gio/gfileinfo.c: line 1654 (g_file_info_get_is_backup): should not be reached

(pcmanfm:28865): GLib-GIO-CRITICAL **: 12:09:03.044: GFileInfo created without standard::edit-name

(pcmanfm:28865): GLib-GIO-CRITICAL **: 12:09:03.044: file ../../../gio/gfileinfo.c: line 1742 (g_file_info_get_edit_name): should not be reached

(pcmanfm:28865): GLib-GIO-CRITICAL **: 12:09:03.045: GFileInfo created without standard::size

(pcmanfm:28865): GLib-GIO-CRITICAL **: 12:09:03.045: file ../../../gio/gfileinfo.c: line 1845 (g_file_info_get_size): should not be reached

(pcmanfm:28865): GLib-GIO-CRITICAL **: 12:09:03.045: GFileInfo created without standard::content-type

(pcmanfm:28865): GLib-GIO-CRITICAL **: 12:09:03.045: file ../../../gio/gfileinfo.c: line 1821 (g_file_info_get_content_type): should not be reached

(pcmanfm:28865): GLib-GIO-CRITICAL **: 12:09:03.045: GFileInfo created without standard::is-symlink

(pcmanfm:28865): Gtk-WARNING **: 12:09:03.044: Failed to set text from markup due to error parsing markup: Error on line 1: Entity did not end with a semicolon; most likely you used an ampersand character without intending to start an entity — escape ampersand as &amp;

(pcmanfm:28865): GLib-GIO-CRITICAL **: 12:09:03.046: file ../../../gio/gfileinfo.c: line 1676 (g_file_info_get_is_symlink): should not be reached

(pcmanfm:28865): GLib-GIO-CRITICAL **: 12:09:03.046: GFileInfo created without standard::is-backup

(pcmanfm:28865): GLib-GIO-CRITICAL **: 12:09:03.046: file ../../../gio/gfileinfo.c: line 1654 (g_file_info_get_is_backup): should not be reached

(pcmanfm:28865): GLib-GIO-CRITICAL **: 12:09:03.046: GFileInfo created without standard::edit-name

(pcmanfm:28865): GLib-GIO-CRITICAL **: 12:09:03.046: file ../../../gio/gfileinfo.c: line 1742 (g_file_info_get_edit_name): should not be reached

(pcmanfm:28865): GLib-GIO-CRITICAL **: 12:09:03.046: GFileInfo created without standard::size

(pcmanfm:28865): GLib-GIO-CRITICAL **: 12:09:03.047: file ../../../gio/gfileinfo.c: line 1845 (g_file_info_get_size): should not be reached

(pcmanfm:28865): GLib-GIO-CRITICAL **: 12:09:03.047: GFileInfo created without standard::content-type

(pcmanfm:28865): GLib-GIO-CRITICAL **: 12:09:03.047: file ../../../gio/gfileinfo.c: line 1821 (g_file_info_get_content_type): should not be reached

(pcmanfm:28865): GLib-GIO-CRITICAL **: 12:09:03.047: GFileInfo created without standard::is-symlink

(pcmanfm:28865): GLib-GIO-CRITICAL **: 12:09:03.048: file ../../../gio/gfileinfo.c: line 1676 (g_file_info_get_is_symlink): should not be reached

(pcmanfm:28865): GLib-GIO-CRITICAL **: 12:09:03.048: GFileInfo created without standard::is-backup

(pcmanfm:28865): GLib-GIO-CRITICAL **: 12:09:03.048: file ../../../gio/gfileinfo.c: line 1654 (g_file_info_get_is_backup): should not be reached

(pcmanfm:28865): GLib-GIO-CRITICAL **: 12:09:03.048: GFileInfo created without standard::edit-name

(pcmanfm:28865): GLib-GIO-CRITICAL **: 12:09:03.048: file ../../../gio/gfileinfo.c: line 1742 (g_file_info_get_edit_name): should not be reached

(pcmanfm:28865): GLib-GIO-CRITICAL **: 12:09:03.048: GFileInfo created without standard::size

(pcmanfm:28865): GLib-GIO-CRITICAL **: 12:09:03.048: file ../../../gio/gfileinfo.c: line 1845 (g_file_info_get_size): should not be reached

(pcmanfm:28865): GLib-GIO-CRITICAL **: 12:09:03.048: GFileInfo created without standard::content-type

(pcmanfm:28865): GLib-GIO-CRITICAL **: 12:09:03.049: file ../../../gio/gfileinfo.c: line 1821 (g_file_info_get_content_type): should not be reached

(pcmanfm:28865): GLib-GIO-CRITICAL **: 12:09:03.049: GFileInfo created without standard::is-symlink

(pcmanfm:28865): GLib-GIO-CRITICAL **: 12:09:03.049: file ../../../gio/gfileinfo.c: line 1676 (g_file_info_get_is_symlink): should not be reached

(pcmanfm:28865): GLib-GIO-CRITICAL **: 12:09:03.049: GFileInfo created without standard::is-backup

(pcmanfm:28865): GLib-GIO-CRITICAL **: 12:09:03.049: file ../../../gio/gfileinfo.c: line 1654 (g_file_info_get_is_backup): should not be reached

(pcmanfm:28865): GLib-GIO-CRITICAL **: 12:09:03.049: GFileInfo created without standard::edit-name

(pcmanfm:28865): GLib-GIO-CRITICAL **: 12:09:03.049: file ../../../gio/gfileinfo.c: line 1742 (g_file_info_get_edit_name): should not be reached

(pcmanfm:28865): GLib-GIO-CRITICAL **: 12:09:03.049: GFileInfo created without standard::size

(pcmanfm:28865): GLib-GIO-CRITICAL **: 12:09:03.049: file ../../../gio/gfileinfo.c: line 1845 (g_file_info_get_size): should not be reached

(pcmanfm:28865): GLib-GIO-CRITICAL **: 12:09:03.049: GFileInfo created without standard::content-type

(pcmanfm:28865): GLib-GIO-CRITICAL **: 12:09:03.049: file ../../../gio/gfileinfo.c: line 1821 (g_file_info_get_content_type): should not be reached

(pcmanfm:28865): GLib-GIO-CRITICAL **: 12:09:03.049: GFileInfo created without standard::is-symlink

(pcmanfm:28865): GLib-GIO-CRITICAL **: 12:09:03.049: file ../../../gio/gfileinfo.c: line 1676 (g_file_info_get_is_symlink): should not be reached

(pcmanfm:28865): GLib-GIO-CRITICAL **: 12:09:03.049: GFileInfo created without standard::is-backup

(pcmanfm:28865): GLib-GIO-CRITICAL **: 12:09:03.049: file ../../../gio/gfileinfo.c: line 1654 (g_file_info_get_is_backup): should not be reached

(pcmanfm:28865): GLib-GIO-CRITICAL **: 12:09:03.049: GFileInfo created without standard::edit-name

(pcmanfm:28865): GLib-GIO-CRITICAL **: 12:09:03.049: file ../../../gio/gfileinfo.c: line 1742 (g_file_info_get_edit_name): should not be reached

(pcmanfm:28865): GLib-GIO-CRITICAL **: 12:09:03.049: GFileInfo created without standard::size

(pcmanfm:28865): GLib-GIO-CRITICAL **: 12:09:03.049: file ../../../gio/gfileinfo.c: line 1845 (g_file_info_get_size): should not be reached

(pcmanfm:28865): GLib-GIO-CRITICAL **: 12:09:03.049: GFileInfo created without standard::content-type

(pcmanfm:28865): GLib-GIO-CRITICAL **: 12:09:03.049: file ../../../gio/gfileinfo.c: line 1821 (g_file_info_get_content_type): should not be reached

(pcmanfm:28865): GLib-GIO-CRITICAL **: 12:09:03.049: GFileInfo created without standard::is-symlink

(pcmanfm:28865): GLib-GIO-CRITICAL **: 12:09:03.049: file ../../../gio/gfileinfo.c: line 1676 (g_file_info_get_is_symlink): should not be reached

(pcmanfm:28865): GLib-GIO-CRITICAL **: 12:09:03.049: GFileInfo created without standard::is-backup

(pcmanfm:28865): GLib-GIO-CRITICAL **: 12:09:03.049: file ../../../gio/gfileinfo.c: line 1654 (g_file_info_get_is_backup): should not be reached

(pcmanfm:28865): Gtk-WARNING **: 12:09:03.145: Failed to set text from markup due to error parsing markup: Error on line 1: Entity did not end with a semicolon; most likely you used an ampersand character without intending to start an entity — escape ampersand as &amp;

(pcmanfm:28865): GLib-GIO-CRITICAL **: 12:09:08.935: GFileInfo created without standard::edit-name

(pcmanfm:28865): GLib-GIO-CRITICAL **: 12:09:08.935: file ../../../gio/gfileinfo.c: line 1742 (g_file_info_get_edit_name): should not be reached

(pcmanfm:28865): GLib-GIO-CRITICAL **: 12:09:08.935: GFileInfo created without standard::size

(pcmanfm:28865): GLib-GIO-CRITICAL **: 12:09:08.935: file ../../../gio/gfileinfo.c: line 1845 (g_file_info_get_size): should not be reached

(pcmanfm:28865): GLib-GIO-CRITICAL **: 12:09:08.935: GFileInfo created without standard::content-type

(pcmanfm:28865): GLib-GIO-CRITICAL **: 12:09:08.935: file ../../../gio/gfileinfo.c: line 1821 (g_file_info_get_content_type): should not be reached

(pcmanfm:28865): GLib-GIO-CRITICAL **: 12:09:08.935: GFileInfo created without standard::is-symlink

(pcmanfm:28865): GLib-GIO-CRITICAL **: 12:09:08.935: file ../../../gio/gfileinfo.c: line 1676 (g_file_info_get_is_symlink): should not be reached

(pcmanfm:28865): GLib-GIO-CRITICAL **: 12:09:08.935: GFileInfo created without standard::is-backup

(pcmanfm:28865): GLib-GIO-CRITICAL **: 12:09:08.935: file ../../../gio/gfileinfo.c: line 1654 (g_file_info_get_is_backup): should not be reached

(pcmanfm:28865): GLib-GIO-CRITICAL **: 12:09:08.935: GFileInfo created without standard::edit-name

(pcmanfm:28865): GLib-GIO-CRITICAL **: 12:09:08.936: file ../../../gio/gfileinfo.c: line 1742 (g_file_info_get_edit_name): should not be reached

(pcmanfm:28865): GLib-GIO-CRITICAL **: 12:09:08.936: GFileInfo created without standard::size

(pcmanfm:28865): GLib-GIO-CRITICAL **: 12:09:08.936: file ../../../gio/gfileinfo.c: line 1845 (g_file_info_get_size): should not be reached

(pcmanfm:28865): GLib-GIO-CRITICAL **: 12:09:08.936: GFileInfo created without standard::is-symlink

(pcmanfm:28865): GLib-GIO-CRITICAL **: 12:09:08.936: file ../../../gio/gfileinfo.c: line 1676 (g_file_info_get_is_symlink): should not be reached

(pcmanfm:28865): GLib-GIO-CRITICAL **: 12:09:08.936: GFileInfo created without standard::is-backup

(pcmanfm:28865): GLib-GIO-CRITICAL **: 12:09:08.936: file ../../../gio/gfileinfo.c: line 1654 (g_file_info_get_is_backup): should not be reached

(pcmanfm:28865): GLib-GIO-CRITICAL **: 12:09:16.451: GFileInfo created without standard::size

(pcmanfm:28865): GLib-GIO-CRITICAL **: 12:09:16.451: file ../../../gio/gfileinfo.c: line 1845 (g_file_info_get_size): should not be reached

(pcmanfm:28865): Gtk-WARNING **: 12:09:49.240: gtk_menu_detach(): menu is not attached
